Terminals unused in grammar

   NUMBER
   ADD
   SUB
   MUL
   DIV


Grammar

    0 $accept: identifier $end

    1 identifier: IDENT


Terminals, with rules where they appear

$end (0) 0
error (256)
NUMBER (258)
ADD (259)
SUB (260)
MUL (261)
DIV (262)
IDENT (263) 1


Nonterminals, with rules where they appear

$accept (9)
    on left: 0
identifier (10)
    on left: 1, on right: 0


State 0

    0 $accept: . identifier $end

    IDENT  shift, and go to state 1

    identifier  go to state 2


State 1

    1 identifier: IDENT .

    $default  reduce using rule 1 (identifier)


State 2

    0 $accept: identifier . $end

    $end  shift, and go to state 3


State 3

    0 $accept: identifier $end .

    $default  accept
